This is pdfTeX, Version 3.141592653-2.6-1.40.24 (TeX Live 2022) (preloaded format=pdflatex 2022.10.19)  30 OCT 2022 18:35
entering extended mode
 restricted \write18 enabled.
 %&-line parsing enabled.
**C:/Users/Peanuts/Documents/GitHub/Modelos-Lineales-Book/_titlepage.tex
(c:/Users/Peanuts/Documents/GitHub/Modelos-Lineales-Book/_titlepage.tex
LaTeX2e <2022-06-01> patch level 5
L3 programming layer <2022-09-28>

! LaTeX Error: Missing \begin{document}.

See the LaTeX manual or LaTeX Companion for explanation.
Type  H <return>  for immediate help.
 ...                                              
                                                  
l.21 	\center
              % Centre everything on the page 
Here is how much of TeX's memory you used:
 20 strings out of 477031
 755 string characters out of 5826468
 335546 words of memory out of 5000000
 21267 multiletter control sequences out of 15000+600000
 469259 words of font info for 28 fonts, out of 8000000 for 9000
 14 hyphenation exceptions out of 8191
 15i,0n,12p,193b,14s stack positions out of 10000i,1000n,20000p,200000b,200000s

!  ==> Fatal error occurred, no output PDF file produced!
